<?xml version="1.0" encoding="UTF-8"?>
<testng-results skipped="0" failed="0" ignored="0" total="2" passed="2">
  <reporter-output>
  </reporter-output>
  <suite name="softwaretestingmaterial" duration-ms="2806" started-at="2019-09-15T13:25:15 CDT" finished-at="2019-09-15T13:25:18 CDT">
    <groups>
    </groups>
    <test name="testngTest" duration-ms="2806" started-at="2019-09-15T13:25:15 CDT" finished-at="2019-09-15T13:25:18 CDT">
      <class name="getRequest.GetData">
        <test-method status="PASS" signature="testResponseCode()[pri:0, instance:getRequest.GetData@3532ec19]" name="testResponseCode" duration-ms="2066" started-at="2019-09-15T13:25:15 CDT" finished-at="2019-09-15T13:25:17 CDT">
          <reporter-output>
          </reporter-output>
        </test-method> <!-- testResponseCode -->
        <test-method status="PASS" signature="testResponseData()[pri:0, instance:getRequest.GetData@3532ec19]" name="testResponseData" duration-ms="701" started-at="2019-09-15T13:25:17 CDT" finished-at="2019-09-15T13:25:18 CDT">
          <reporter-output>
          </reporter-output>
        </test-method> <!-- testResponseData -->
      </class> <!-- getRequest.GetData -->
    </test> <!-- testngTest -->
  </suite> <!-- softwaretestingmaterial -->
</testng-results>
